\BOOKMARK [1][-]{section*.4}{Introduction}{}% 1
\BOOKMARK [2][-]{section*.5}{Related Work}{section*.4}% 2
\BOOKMARK [1][-]{section*.6}{TwinList}{}% 3
\BOOKMARK [2][-]{section*.7}{ListViewer}{section*.6}% 4
\BOOKMARK [3][-]{section*.8}{The five-column list placement}{section*.7}% 5
\BOOKMARK [3][-]{section*.9}{Matching Animation}{section*.7}% 6
\BOOKMARK [2][-]{section*.10}{Controls}{section*.6}% 7
\BOOKMARK [2][-]{section*.11}{Filters}{section*.6}% 8
\BOOKMARK [2][-]{section*.12}{Options}{section*.6}% 9
\BOOKMARK [1][-]{section*.13}{Evaluation}{}% 10
\BOOKMARK [2][-]{section*.14}{Experiment Design}{section*.13}% 11
\BOOKMARK [2][-]{section*.15}{Case 1: Med. reconciliation, A. Z. H., male, 34 y. o.}{section*.13}% 12
\BOOKMARK [3][-]{section*.16}{Results}{section*.15}% 13
\BOOKMARK [2][-]{section*.17}{Case 2: Med. reconciliation, M. G., male, 62 y. o.}{section*.13}% 14
\BOOKMARK [3][-]{section*.18}{Results}{section*.17}% 15
\BOOKMARK [2][-]{section*.19}{Case 3: General Data, T. L., male.}{section*.13}% 16
\BOOKMARK [3][-]{section*.20}{Results}{section*.19}% 17
\BOOKMARK [2][-]{section*.21}{Case 4: General Data, A.N.S., female.}{section*.13}% 18
\BOOKMARK [3][-]{section*.22}{Results}{section*.21}% 19
\BOOKMARK [1][-]{section*.23}{Conclusions and Further Directions}{}% 20
\BOOKMARK [1][-]{section*.24}{Additional Authors}{}% 21
\BOOKMARK [1][-]{section*.25}{REFERENCES }{}% 22
